<?xml version="1.0" encoding="UTF-8"?>
<Site BuildName="(empty)"
	BuildStamp="20240606-0223-Experimental"
	Name="rac-G7-7790"
	Generator="ctest-3.16.3"
	CompilerName="/usr/bin/c++"
	CompilerVersion="9.4.0"
	OSName="Linux"
	Hostname="rac-G7-7790"
	OSRelease="5.15.0-107-generic"
	OSVersion="#117~20.04.1-Ubuntu SMP Tue Apr 30 10:35:57 UTC 2024"
	OSPlatform="x86_64"
	Is64Bits="1"
	VendorString="GenuineIntel"
	VendorID="Intel Corporation"
	FamilyID="6"
	ModelID="158"
	ProcessorCacheSize="9216"
	NumberOfLogicalCPU="12"
	NumberOfPhysicalCPU="6"
	TotalVirtualMemory="2047"
	TotalPhysicalMemory="15799"
	LogicalProcessorsPerPhysical="2"
	ProcessorClockFrequency="2251.46"
	>
	<Testing>
		<StartDateTime>Jun 06 10:29 +08</StartDateTime>
		<StartTestTime>1717640966</StartTestTime>
		<TestList/>
		<EndDateTime>Jun 06 10:29 +08</EndDateTime>
		<EndTestTime>1717640966</EndTestTime>
		<ElapsedMinutes>0</ElapsedMinutes>
	</Testing>
</Site>
