<?xml version="1.0" encoding="UTF-8"?>
<Site BuildName="(empty)"
	BuildStamp="20240509-0138-Experimental"
	Name="rac-G7-7790"
	Generator="ctest-3.16.3"
	CompilerName="/usr/bin/c++"
	CompilerVersion="9.4.0"
	OSName="Linux"
	Hostname="rac-G7-7790"
	OSRelease="5.15.0-105-generic"
	OSVersion="#115~20.04.1-Ubuntu SMP Mon Apr 15 17:33:04 UTC 2024"
	OSPlatform="x86_64"
	Is64Bits="1"
	VendorString="GenuineIntel"
	VendorID="Intel Corporation"
	FamilyID="6"
	ModelID="158"
	ProcessorCacheSize="9216"
	NumberOfLogicalCPU="12"
	NumberOfPhysicalCPU="6"
	TotalVirtualMemory="2047"
	TotalPhysicalMemory="15799"
	LogicalProcessorsPerPhysical="2"
	ProcessorClockFrequency="2442.21"
	>
	<Testing>
		<StartDateTime>May 09 14:47 +08</StartDateTime>
		<StartTestTime>1715237233</StartTestTime>
		<TestList/>
		<EndDateTime>May 09 14:47 +08</EndDateTime>
		<EndTestTime>1715237233</EndTestTime>
		<ElapsedMinutes>0</ElapsedMinutes>
	</Testing>
</Site>
